2025-12-15T22:02:39.338+05:30  INFO 14692 --- [ContentService] [restartedMain] c.m.V.C.ContentServiceApplication        : No active profile set, falling back to 1 default profile: "default"
2025-12-15T22:02:41.735+05:30  INFO 14692 --- [ContentService] [restartedMain] .s.d.r.c.RepositoryConfigurationDelegate : Bootstrapping Spring Data JPA repositories in DEFAULT mode.
2025-12-15T22:02:41.964+05:30  INFO 14692 --- [ContentService] [restartedMain] .s.d.r.c.RepositoryConfigurationDelegate : Finished Spring Data repository scanning in 213 ms. Found 3 JPA repository interfaces.
2025-12-15T22:02:42.470+05:30  INFO 14692 --- [ContentService] [restartedMain] o.s.cloud.context.scope.GenericScope     : BeanFactory id=c051c22f-a9ea-3723-b71e-4b09d7cfa3e9
2025-12-15T22:02:43.320+05:30  INFO 14692 --- [ContentService] [restartedMain] o.s.b.w.embedded.tomcat.TomcatWebServer  : Tomcat initialized with port 8082 (http)
2025-12-15T22:02:43.348+05:30  INFO 14692 --- [ContentService] [restartedMain] o.apache.catalina.core.StandardService   : Starting service [Tomcat]
2025-12-15T22:02:43.349+05:30  INFO 14692 --- [ContentService] [restartedMain] o.apache.catalina.core.StandardEngine    : Starting Servlet engine: [Apache Tomcat/10.1.46]
2025-12-15T22:02:43.472+05:30  INFO 14692 --- [ContentService] [restartedMain] o.a.c.c.C.[Tomcat].[localhost].[/]       : Initializing Spring embedded WebApplicationContext
2025-12-15T22:02:43.473+05:30  INFO 14692 --- [ContentService] [restartedMain] w.s.c.ServletWebServerApplicationContext : Root WebApplicationContext: initialization completed in 4076 ms
2025-12-15T22:02:43.986+05:30  INFO 14692 --- [ContentService] [restartedMain] o.hibernate.jpa.internal.util.LogHelper  : HHH000204: Processing PersistenceUnitInfo [name: default]
2025-12-15T22:02:44.084+05:30  INFO 14692 --- [ContentService] [restartedMain] org.hibernate.Version                    : HHH000412: Hibernate ORM core version 6.6.29.Final
2025-12-15T22:02:44.161+05:30  INFO 14692 --- [ContentService] [restartedMain] o.h.c.internal.RegionFactoryInitiator    : HHH000026: Second-level cache disabled
2025-12-15T22:02:44.715+05:30  INFO 14692 --- [ContentService] [restartedMain] o.s.o.j.p.SpringPersistenceUnitInfo      : No LoadTimeWeaver setup: ignoring JPA class transformer
2025-12-15T22:02:44.770+05:30  INFO 14692 --- [ContentService] [restartedMain] com.zaxxer.hikari.HikariDataSource       : HikariPool-1 - Starting...
2025-12-15T22:02:45.359+05:30  INFO 14692 --- [ContentService] [restartedMain] com.zaxxer.hikari.pool.HikariPool        : HikariPool-1 - Added connection com.mysql.cj.jdbc.ConnectionImpl@405c88b7
2025-12-15T22:02:45.365+05:30  INFO 14692 --- [ContentService] [restartedMain] com.zaxxer.hikari.HikariDataSource       : HikariPool-1 - Start completed.
2025-12-15T22:02:45.451+05:30  WARN 14692 --- [ContentService] [restartedMain] org.hibernate.orm.deprecation            : HHH90000025: MySQL8Dialect does not need to be specified explicitly using 'hibernate.dialect' (remove the property setting and it will be selected by default)
2025-12-15T22:02:45.454+05:30  WARN 14692 --- [ContentService] [restartedMain] org.hibernate.orm.deprecation            : HHH90000026: MySQL8Dialect has been deprecated; use org.hibernate.dialect.MySQLDialect instead
2025-12-15T22:02:45.496+05:30  INFO 14692 --- [ContentService] [restartedMain] org.hibernate.orm.connections.pooling    : HHH10001005: Database info:
	Database JDBC URL [Connecting through datasource 'HikariDataSource (HikariPool-1)']
	Database driver: undefined/unknown
	Database version: 8.0
	Autocommit mode: undefined/unknown
	Isolation level: undefined/unknown
	Minimum pool size: undefined/unknown
	Maximum pool size: undefined/unknown
2025-12-15T22:02:46.927+05:30  INFO 14692 --- [ContentService] [restartedMain] o.h.e.t.j.p.i.JtaPlatformInitiator       : HHH000489: No JTA platform available (set 'hibernate.transaction.jta.platform' to enable JTA platform integration)
2025-12-15T22:02:47.022+05:30  INFO 14692 --- [ContentService] [restartedMain] j.LocalContainerEntityManagerFactoryBean : Initialized JPA EntityManagerFactory for persistence unit 'default'
2025-12-15T22:02:47.797+05:30  WARN 14692 --- [ContentService] [restartedMain] JpaBaseConfiguration$JpaWebConfiguration : spring.jpa.open-in-view is enabled by default. Therefore, database queries may be performed during view rendering. Explicitly configure spring.jpa.open-in-view to disable this warning
2025-12-15T22:02:47.838+05:30  WARN 14692 --- [ContentService] [restartedMain] o.s.b.d.a.OptionalLiveReloadServer       : Unable to start LiveReload server
2025-12-15T22:02:48.581+05:30  INFO 14692 --- [ContentService] [restartedMain] o.s.b.a.e.web.EndpointLinksResolver      : Exposing 1 endpoint beneath base path '/actuator'
2025-12-15T22:02:48.645+05:30  INFO 14692 --- [ContentService] [restartedMain] r$InitializeUserDetailsManagerConfigurer : Global AuthenticationManager configured with UserDetailsService bean with name inMemoryUserDetailsManager
2025-12-15T22:02:48.863+05:30  INFO 14692 --- [ContentService] [restartedMain] o.s.v.b.OptionalValidatorFactoryBean     : Failed to set up a Bean Validation provider: jakarta.validation.NoProviderFoundException: Unable to create a Configuration, because no Jakarta Bean Validation provider could be found. Add a provider like Hibernate Validator (RI) to your classpath.
2025-12-15T22:02:50.522+05:30  INFO 14692 --- [ContentService] [restartedMain] o.s.cloud.commons.util.InetUtils         : Cannot determine local hostname
2025-12-15T22:02:50.609+05:30  WARN 14692 --- [ContentService] [restartedMain] iguration$LoadBalancerCaffeineWarnLogger : Spring Cloud LoadBalancer is currently working with the default cache. While this cache implementation is useful for development and tests, it's recommended to use Caffeine cache in production.You can switch to using Caffeine cache, by adding it and org.springframework.cache.caffeine.CaffeineCacheManager to the classpath.
2025-12-15T22:02:50.786+05:30  INFO 14692 --- [ContentService] [restartedMain] o.s.b.w.embedded.tomcat.TomcatWebServer  : Tomcat started on port 8082 (http) with context path '/'
2025-12-15T22:02:51.802+05:30  INFO 14692 --- [ContentService] [restartedMain] o.s.cloud.commons.util.InetUtils         : Cannot determine local hostname
2025-12-15T22:02:51.878+05:30  INFO 14692 --- [ContentService] [restartedMain] c.m.V.C.ContentServiceApplication        : Started ContentServiceApplication in 16.605 seconds (process running for 18.136)
2025-12-15T22:05:02.353+05:30  INFO 14692 --- [ContentService] [http-nio-8082-exec-2] o.a.c.c.C.[Tomcat].[localhost].[/]       : Initializing Spring DispatcherServlet 'dispatcherServlet'
2025-12-15T22:05:02.354+05:30  INFO 14692 --- [ContentService] [http-nio-8082-exec-2] o.s.web.servlet.DispatcherServlet        : Initializing Servlet 'dispatcherServlet'
2025-12-15T22:05:02.357+05:30  INFO 14692 --- [ContentService] [http-nio-8082-exec-2] o.s.web.servlet.DispatcherServlet        : Completed initialization in 3 ms
